2025-07-30 13:52:29.822 [main] INFO  c.q.xiaohashu.auth.XiaohashuAuthApplication - Starting XiaohashuAuthApplication using Java 17 with PID 24460 (D:\code\xiaohashu\xiaohashu-auth\target\classes started by Administrator in D:\code\xiaohashu)
2025-07-30 13:52:29.824 [main] INFO  c.q.xiaohashu.auth.XiaohashuAuthApplication - The following 1 profile is active: "dev"
2025-07-30 13:52:30.283 [main] INFO  o.s.d.r.config.RepositoryConfigurationDelegate - Multiple Spring Data modules found, entering strict repository configuration mode
2025-07-30 13:52:30.286 [main] INFO  o.s.d.r.config.RepositoryConfigurationDelegate - Bootstrapping Spring Data Redis repositories in DEFAULT mode.
2025-07-30 13:52:30.306 [main] INFO  o.s.d.r.config.RepositoryConfigurationDelegate - Finished Spring Data repository scanning in 9 ms. Found 0 Redis repository interfaces.
2025-07-30 13:52:30.788 [main] INFO  o.s.boot.web.embedded.tomcat.TomcatWebServer - Tomcat initialized with port(s): 8080 (http)
2025-07-30 13:52:30.799 [main] INFO  org.apache.catalina.core.StandardService - Starting service [Tomcat]
2025-07-30 13:52:30.799 [main] INFO  org.apache.catalina.core.StandardEngine - Starting Servlet engine: [Apache Tomcat/10.1.5]
2025-07-30 13:52:30.858 [main] INFO  o.a.c.core.ContainerBase.[Tomcat].[localhost].[/] - Initializing Spring embedded WebApplicationContext
2025-07-30 13:52:30.858 [main] INFO  o.s.b.w.s.c.ServletWebServerApplicationContext - Root WebApplicationContext: initialization completed in 1008 ms
2025-07-30 13:52:30.917 [main] INFO  c.a.d.s.b.a.DruidDataSourceAutoConfigure - Init DruidDataSource
2025-07-30 13:52:31.177 [main] INFO  com.alibaba.druid.pool.DruidDataSource - {dataSource-1} inited
2025-07-30 13:52:31.850 [main] INFO  o.s.boot.web.embedded.tomcat.TomcatWebServer - Tomcat started on port(s): 8080 (http) with context path ''
2025-07-30 13:52:31.855 [main] INFO  c.q.xiaohashu.auth.XiaohashuAuthApplication - Started XiaohashuAuthApplication in 2.354 seconds (process running for 5.106)
2025-07-30 13:52:31.856 [main] INFO  c.q.x.auth.runner.PushRolePermissions2RedisRunner - 服务启动,开始同步权限信息到redis中...
2025-07-30 13:52:32.187 [main] INFO  c.q.x.auth.runner.PushRolePermissions2RedisRunner - 权限信息已经同步到redis中...
2025-07-30 13:52:57.895 [http-nio-8080-exec-1] INFO  o.a.c.core.ContainerBase.[Tomcat].[localhost].[/] - Initializing Spring DispatcherServlet 'dispatcherServlet'
2025-07-30 13:52:57.896 [http-nio-8080-exec-1] INFO  org.springframework.web.servlet.DispatcherServlet - Initializing Servlet 'dispatcherServlet'
2025-07-30 13:52:57.896 [http-nio-8080-exec-1] INFO  org.springframework.web.servlet.DispatcherServlet - Completed initialization in 0 ms
2025-07-30 13:52:57.995 [http-nio-8080-exec-1] INFO  c.q.f.b.operationlog.aspect.ApiOperationLogAspect - ====== 请求开始: [发送验证码], 入参: {"phone":"18269755273"}, 请求类: VerificationCodeController, 请求方法: send =================================== 
2025-07-30 13:52:58.002 [http-nio-8080-exec-1] INFO  c.q.x.a.service.impl.VerificationCodeServiceImpl - 手机号:18269755273,发送的验证码是:191262
2025-07-30 13:52:58.008 [http-nio-8080-exec-1] INFO  c.q.f.b.operationlog.aspect.ApiOperationLogAspect - ====== 请求结束: [发送验证码], 耗时: 17ms, 出参: {"success":true,"message":null,"errorCode":null,"data":"验证码发送成功"} =================================== 
